<?xml version="1.0"?>
<!DOCTYPE module PUBLIC
   "-//Checkstyle//DTD Checkstyle Configuration 1.3//EN"
    "https://checkstyle.org/dtds/configuration_1_3.dtd">

<module name="Checker">

  <!-- no explicit TAB characters in source code plz (set editor to use spaces) -->
  <module name="FileTabCharacter"/>

</module> <!-- END Checker -->

  <!-- TEMPLATE PARAMETERIZED CHECK
    <module name="">
      <property name="" value="" />
    </module>
  -->
